#
# There is insufficient memory for the Java Runtime Environment to continue.
# Native memory allocation (mmap) failed to map 266338304 bytes for G1 virtual space
# Possible reasons:
#   The system is out of physical RAM or swap space
#   The process is running with CompressedOops enabled, and the Java Heap may be blocking the growth of the native heap
# Possible solutions:
#   Reduce memory load on the system
#   Increase physical memory or swap space
#   Check if swap backing store is full
#   Decrease Java heap size (-Xmx/-Xms)
#   Decrease number of Java threads
#   Decrease Java thread stack sizes (-Xss)
#   Set larger code cache with -XX:ReservedCodeCacheSize=
#   JVM is running with Zero Based Compressed Oops mode in which the Java heap is
#     placed in the first 32GB address space. The Java Heap base address is the
#     maximum limit for the native heap growth. Please use -XX:HeapBaseMinAddress
#     to set the Java Heap base and to place the Java Heap above 32GB virtual address.
# This output file may be truncated or incomplete.
#
#  Out of Memory Error (os_windows.cpp:3769), pid=26688, tid=15112
#
# JRE version:  (17.0.6) (build )
# Java VM: OpenJDK 64-Bit Server VM (17.0.6+0-b2043.56-10027231, mixed mode, sharing, tiered, compressed oops, compressed class ptrs, g1 gc, windows-amd64)
# No core dump will be written. Minidumps are not enabled by default on client versions of Windows
#

---------------  S U M M A R Y ------------

Command Line: git4idea.http.GitAskPassApp Username for 'https://github.com': 

Host: Intel(R) Core(TM) i5-8300H CPU @ 2.30GHz, 8 cores, 15G,  Windows 10 , 64 bit Build 19041 (10.0.19041.3636)
Time: Fri Dec 15 00:12:21 2023 Afr. centrale Ouest elapsed time: 0.036015 seconds (0d 0h 0m 0s)

---------------  T H R E A D  ---------------

Current thread (0x000001c33095b3f0):  JavaThread "Unknown thread" [_thread_in_vm, id=15112, stack(0x000000a73e200000,0x000000a73e300000)]

Stack: [0x000000a73e200000,0x000000a73e300000]
Native frames: (J=compiled Java code, j=interpreted, Vv=VM code, C=native code)
V  [jvm.dll+0x683c9a]
V  [jvm.dll+0x8427a4]
V  [jvm.dll+0x843f9e]
V  [jvm.dll+0x844603]
V  [jvm.dll+0x249b75]
V  [jvm.dll+0x680b69]
V  [jvm.dll+0x67505a]
V  [jvm.dll+0x309acb]
V  [jvm.dll+0x310f86]
V  [jvm.dll+0x3608ee]
V  [jvm.dll+0x360b1f]
V  [jvm.dll+0x2dfbf8]
V  [jvm.dll+0x2e0b64]
V  [jvm.dll+0x814091]
V  [jvm.dll+0x36e6a1]
V  [jvm.dll+0x7f35cc]
V  [jvm.dll+0x3f0e8f]
V  [jvm.dll+0x3f29d1]
C  [jli.dll+0x526b]
C  [ucrtbase.dll+0x21bb2]
C  [KERNEL32.DLL+0x17344]
C  [ntdll.dll+0x526b1]


---------------  P R O C E S S  ---------------

Threads class SMR info:
_java_thread_list=0x00007ffb4805c058, length=0, elements={
}

Java Threads: ( => current thread )

Other Threads:
  0x000001c3309c6c70 GCTaskThread "GC Thread#0" [stack: 0x000000a73e300000,0x000000a73e400000] [id=27280]
  0x000001c3309d8120 ConcurrentGCThread "G1 Main Marker" [stack: 0x000000a73e400000,0x000000a73e500000] [id=8672]
  0x000001c3309d8b30 ConcurrentGCThread "G1 Conc#0" [stack: 0x000000a73e500000,0x000000a73e600000] [id=23588]

[error occurred during error reporting (printing all threads), id 0xc0000005, EXCEPTION_ACCESS_VIOLATION (0xc0000005) at pc=0x00007ffb47810797]

VM state: not at safepoint (not fully initialized)

VM Mutex/Monitor currently owned by a thread:  ([mutex/lock_event])
[0x000001c330955d60] Heap_lock - owner thread: 0x000001c33095b3f0

Heap address: 0x0000000702200000, size: 4062 MB, Compressed Oops mode: Zero based, Oop shift amount: 3

CDS archive(s) mapped at: [0x0000000000000000-0x0000000000000000-0x0000000000000000), size 0, SharedBaseAddress: 0x0000000800000000, ArchiveRelocationMode: 0.
Narrow klass base: 0x0000000000000000, Narrow klass shift: 0, Narrow klass range: 0x0

GC Precious Log:
<Empty>

Heap:
 garbage-first heap   total 0K, used 0K [0x0000000702200000, 0x0000000800000000)
  region size 2048K, 0 young (0K), 0 survivors (0K)

[error occurred during error reporting (printing heap information), id 0xc0000005, EXCEPTION_ACCESS_VIOLATION (0xc0000005) at pc=0x00007ffb47bfda89]

GC Heap History (0 events):
No events

Dll operation events (1 events):
Event: 0.020 Loaded shared library C:\Program Files\Android\Android Studio\jbr\bin\java.dll

Deoptimization events (0 events):
No events

Classes unloaded (0 events):
No events

Classes redefined (0 events):
No events

Internal exceptions (0 events):
No events

VM Operations (0 events):
No events

Events (0 events):
No events


Dynamic libraries:
0x00007ff726e60000 - 0x00007ff726e6a000 	C:\Program Files\Android\Android Studio\jbr\bin\java.exe
0x00007ffbf5670000 - 0x00007ffbf5868000 	C:\Windows\SYSTEM32\ntdll.dll
0x00007ffbf4950000 - 0x00007ffbf4a0d000 	C:\Windows\System32\KERNEL32.DLL
0x00007ffbf3180000 - 0x00007ffbf3476000 	C:\Windows\System32\KERNELBASE.dll
0x00007ffbf3520000 - 0x00007ffbf3620000 	C:\Windows\System32\ucrtbase.dll
0x00007ffbb9d50000 - 0x00007ffbb9d67000 	C:\Program Files\Android\Android Studio\jbr\bin\jli.dll
0x00007ffbc54e0000 - 0x00007ffbc54fb000 	C:\Program Files\Android\Android Studio\jbr\bin\VCRUNTIME140.dll
0x00007ffbf47b0000 - 0x00007ffbf494e000 	C:\Windows\System32\USER32.dll
0x00007ffbf2da0000 - 0x00007ffbf2dc2000 	C:\Windows\System32\win32u.dll
0x00007ffbf4470000 - 0x00007ffbf449c000 	C:\Windows\System32\GDI32.dll
0x00007ffbf3060000 - 0x00007ffbf317a000 	C:\Windows\System32\gdi32full.dll
0x00007ffbf3480000 - 0x00007ffbf351d000 	C:\Windows\System32\msvcp_win.dll
0x00007ffbda8d0000 - 0x00007ffbdab6a000 	C:\Windows\WinSxS\amd64_microsoft.windows.common-controls_6595b64144ccf1df_6.0.19041.3636_none_60b6a03d71f818d5\COMCTL32.dll
0x00007ffbf36d0000 - 0x00007ffbf376e000 	C:\Windows\System32\msvcrt.dll
0x00007ffbf4780000 - 0x00007ffbf47b0000 	C:\Windows\System32\IMM32.DLL
0x00007ffbdabc0000 - 0x00007ffbdabcc000 	C:\Program Files\Android\Android Studio\jbr\bin\vcruntime140_1.dll
0x00007ffbb16d0000 - 0x00007ffbb175d000 	C:\Program Files\Android\Android Studio\jbr\bin\msvcp140.dll
0x00007ffb47520000 - 0x00007ffb4818e000 	C:\Program Files\Android\Android Studio\jbr\bin\server\jvm.dll
0x00007ffbf4b90000 - 0x00007ffbf4c3f000 	C:\Windows\System32\ADVAPI32.dll
0x00007ffbf3770000 - 0x00007ffbf380c000 	C:\Windows\System32\sechost.dll
0x00007ffbf3bf0000 - 0x00007ffbf3d16000 	C:\Windows\System32\RPCRT4.dll
0x00007ffbe1440000 - 0x00007ffbe1467000 	C:\Windows\SYSTEM32\WINMM.dll
0x00007ffbebbb0000 - 0x00007ffbebbba000 	C:\Windows\SYSTEM32\VERSION.dll
0x00007ffbe08f0000 - 0x00007ffbe08f9000 	C:\Windows\SYSTEM32\WSOCK32.dll
0x00007ffbf54f0000 - 0x00007ffbf555b000 	C:\Windows\System32\WS2_32.dll
0x00007ffbf1590000 - 0x00007ffbf15a2000 	C:\Windows\SYSTEM32\kernel.appcore.dll
0x00007ffbede60000 - 0x00007ffbede6a000 	C:\Program Files\Android\Android Studio\jbr\bin\jimage.dll
0x00007ffbf0ae0000 - 0x00007ffbf0cc4000 	C:\Windows\SYSTEM32\DBGHELP.DLL
0x00007ffbdfe40000 - 0x00007ffbdfe74000 	C:\Windows\SYSTEM32\dbgcore.DLL
0x00007ffbf2fd0000 - 0x00007ffbf3052000 	C:\Windows\System32\bcryptPrimitives.dll
0x00007ffbd4f60000 - 0x00007ffbd4f85000 	C:\Program Files\Android\Android Studio\jbr\bin\java.dll

dbghelp: loaded successfully - version: 4.0.5 - missing functions: none
symbol engine: initialized successfully - sym options: 0x614 - pdb path: .;C:\Program Files\Android\Android Studio\jbr\bin;C:\Windows\SYSTEM32;C:\Windows\WinSxS\amd64_microsoft.windows.common-controls_6595b64144ccf1df_6.0.19041.3636_none_60b6a03d71f818d5;C:\Program Files\Android\Android Studio\jbr\bin\server

VM Arguments:
java_command: git4idea.http.GitAskPassApp Username for 'https://github.com': 
java_class_path (initial): C:/Program Files/Android/Android Studio/plugins/vcs-git/lib/git4idea-rt.jar;C:/Program Files/Android/Android Studio/lib/externalProcess-rt.jar;C:/Program Files/Android/Android Studio/lib/app.jar;C:/Program Files/Android/Android Studio/lib/3rd-party-rt.jar
Launcher Type: SUN_STANDARD

[Global flags]
     intx CICompilerCount                          = 4                                         {product} {ergonomic}
     uint ConcGCThreads                            = 2                                         {product} {ergonomic}
     uint G1ConcRefinementThreads                  = 8                                         {product} {ergonomic}
   size_t G1HeapRegionSize                         = 2097152                                   {product} {ergonomic}
    uintx GCDrainStackTargetSize                   = 64                                        {product} {ergonomic}
   size_t InitialHeapSize                          = 266338304                                 {product} {ergonomic}
   size_t MarkStackSize                            = 4194304                                   {product} {ergonomic}
   size_t MaxHeapSize                              = 4259315712                                {product} {ergonomic}
   size_t MinHeapDeltaBytes                        = 2097152                                   {product} {ergonomic}
   size_t MinHeapSize                              = 8388608                                   {product} {ergonomic}
    uintx NonNMethodCodeHeapSize                   = 5839372                                {pd product} {ergonomic}
    uintx NonProfiledCodeHeapSize                  = 122909434                              {pd product} {ergonomic}
    uintx ProfiledCodeHeapSize                     = 122909434                              {pd product} {ergonomic}
    uintx ReservedCodeCacheSize                    = 251658240                              {pd product} {ergonomic}
     bool SegmentedCodeCache                       = true                                      {product} {ergonomic}
   size_t SoftMaxHeapSize                          = 4259315712                             {manageable} {ergonomic}
     bool UseCompressedClassPointers               = true                           {product lp64_product} {ergonomic}
     bool UseCompressedOops                        = true                           {product lp64_product} {ergonomic}
     bool UseG1GC                                  = true                                      {product} {ergonomic}
     bool UseLargePagesIndividualAllocation        = false                                  {pd product} {ergonomic}

Logging:
Log output configuration:
 #0: stdout all=warning uptime,level,tags
 #1: stderr all=off uptime,level,tags

Environment Variables:
PATH=C:\Program Files\Git\mingw64\libexec\git-core;C:\Program Files\Git\mingw64\libexec\git-core;C:\Program Files\Git\mingw64\bin;C:\Program Files\Git\usr\bin;C:\Users\dhiaa\bin;C:\oraclexe\app\oracle\product\11.2.0\server\bin;C:\Program Files\Common Files\Oracle\Java\javapath;C:\Windows\system32;C:\Windows;C:\Windows\System32\Wbem;C:\Windows\System32\WindowsPowerShell\v1.0;C:\Windows\System32\OpenSSH;C:\Flutter\flutter\bin;C:\Program Files\nodejs;C:\Program Files\MongoDB\mongosh-2.0.1-win32-x64\bin;C:\Program Files\Docker\Docker\resources\bin;C:\Program Files\Git\cmd;C:\Users\dhiaa\AppData\Local\Microsoft\WindowsApps;C:\Flutter\flutter\bin;C:\Users\dhiaa\AppData\Local\Programs\Microsoft VS Code\bin;C:\Program Files\JetBrains\IntelliJ IDEA 2023.2.2\bin;C:\Users\dhiaa\AppData\Roaming\npm
USERNAME=dhiaa
DISPLAY=:0.0
LC_ALL=en_US.UTF-8
TERM=xterm-256color
TMPDIR=C:\Users\dhiaa\AppData\Local\Temp
OS=Windows_NT
PROCESSOR_IDENTIFIER=Intel64 Family 6 Model 158 Stepping 10, GenuineIntel
TMP=C:\Users\dhiaa\AppData\Local\Temp
TEMP=C:\Users\dhiaa\AppData\Local\Temp


JNI global refs:

[error occurred during error reporting (JNI global references), id 0xc0000005, EXCEPTION_ACCESS_VIOLATION (0xc0000005) at pc=0x00007ffb475d7a10]


---------------  S Y S T E M  ---------------

OS:
 Windows 10 , 64 bit Build 19041 (10.0.19041.3636)
OS uptime: 6 days 16:01 hours
Hyper-V role detected

CPU: total 8 (initial active 8) (4 cores per cpu, 2 threads per core) family 6 model 158 stepping 10 microcode 0xd2, cx8, cmov, fxsr, ht, mmx, 3dnowpref, sse, sse2, sse3, ssse3, sse4.1, sse4.2, popcnt, lzcnt, tsc, tscinvbit, avx, avx2, aes, erms, clmul, bmi1, bmi2, adx, fma, vzeroupper, clflush, clflushopt, hv

Memory: 4k page, system-wide physical 16240M (714M free)
TotalPageFile size 31423M (AvailPageFile size 261M)
current process WorkingSet (physical memory assigned to process): 10M, peak: 10M
current process commit charge ("private bytes"): 60M, peak: 314M

vm_info: OpenJDK 64-Bit Server VM (17.0.6+0-b2043.56-10027231) for windows-amd64 JRE (17.0.6+0-b2043.56-10027231), built on Apr 28 2023 00:43:19 by "androidbuild" with MS VC++ 16.10 / 16.11 (VS2019)

END.
